<?xml version="1.0" encoding="UTF-8"?>
<!-- Generated by org.testng.reporters.JUnitReportReporter -->
<testsuite hostname="Vishal-Singh" failures="0" tests="1" name="E2Eproject.ValidateTitle" time="9.505" errors="0" timestamp="2022-10-22T19:14:12 IST" skipped="0">
  <testcase classname="E2Eproject.ValidateTitle" name="validateTitle" time="9.505"/>
  <system-out/>
</testsuite> <!-- E2Eproject.ValidateTitle -->
