<?xml version="1.0" encoding="UTF-8"?>
<!-- Generated by org.testng.reporters.JUnitReportReporter -->
<testsuite hostname="Vishal-Singh" failures="0" tests="2" name="E2Eproject.HomePage" time="14.797" errors="0" timestamp="2022-10-22T19:14:12 IST" skipped="0">
  <testcase classname="E2Eproject.HomePage" name="homePageNavigation" time="7.333"/>
  <system-out/>
  <testcase classname="E2Eproject.HomePage" name="homePageNavigation" time="7.464"/>
  <system-out/>
</testsuite> <!-- E2Eproject.HomePage -->
