<?xml version="1.0" encoding="UTF-8"?>
<!-- Generated by org.testng.reporters.JUnitReportReporter -->
<testsuite hostname="Vishal-Singh" failures="0" tests="2" name="E2Eproject.HomePage" time="42.412" errors="0" timestamp="2022-03-24T22:12:07 IST" skipped="0">
  <testcase classname="E2Eproject.HomePage" name="homePageNavigation" time="19.910"/>
  <system-out/>
  <testcase classname="E2Eproject.HomePage" name="homePageNavigation" time="22.502"/>
  <system-out/>
</testsuite> <!-- E2Eproject.HomePage -->
