<?xml version="1.0" encoding="UTF-8"?>
<!-- Generated by org.testng.reporters.JUnitReportReporter -->
<testsuite hostname="Vishal-Singh" failures="0" tests="2" name="E2Eproject.HomePage" time="77.043" errors="0" timestamp="2022-03-25T22:25:57 IST" skipped="0">
  <testcase classname="E2Eproject.HomePage" name="homePageNavigation" time="62.767"/>
  <system-out/>
  <testcase classname="E2Eproject.HomePage" name="homePageNavigation" time="14.276"/>
  <system-out/>
</testsuite> <!-- E2Eproject.HomePage -->
