<?xml version="1.0" encoding="UTF-8"?>
<!-- Generated by org.testng.reporters.JUnitReportReporter -->
<testsuite hostname="Vishal-Singh" failures="0" tests="2" name="E2Eproject.HomePage" time="18.804" errors="0" timestamp="2022-05-30T22:23:44 IST" skipped="0">
  <testcase classname="E2Eproject.HomePage" name="homePageNavigation" time="5.418"/>
  <system-out/>
  <testcase classname="E2Eproject.HomePage" name="homePageNavigation" time="13.386"/>
  <system-out/>
</testsuite> <!-- E2Eproject.HomePage -->
