<?xml version="1.0" encoding="UTF-8"?>
<!-- Generated by org.testng.reporters.JUnitReportReporter -->
<testsuite hostname="Vishal-Singh" failures="0" tests="2" name="E2Eproject.HomePage" time="9.690" errors="0" timestamp="2022-03-31T22:20:33 IST" skipped="0">
  <testcase classname="E2Eproject.HomePage" name="homePageNavigation" time="6.032"/>
  <system-out/>
  <testcase classname="E2Eproject.HomePage" name="homePageNavigation" time="3.658"/>
  <system-out/>
</testsuite> <!-- E2Eproject.HomePage -->
